[13:34:32] [main/INFO]: Loading Minecraft 1.19.2 with Fabric Loader 0.14.17
[13:34:32] [main/INFO]: Loading 65 mods:
	- appleskin 2.4.1+mc1.19
	- architectury 6.5.69
	- chimes 1.1.4
	- cloth-config 8.2.88
	   \-- cloth-basic-math 0.6.1
	- cobblemon 1.2.0+1.19.2
	- entity-view-distance 1.0.2+1.19
	   |-- fabric-permissions-api-v0 0.1-SNAPSHOT
	   \-- spruceui 4.0.0+1.19
	- fabric-api 0.75.1+1.19.2
	   |-- fabric-api-base 0.4.15+8f4e8eb390
	   |-- fabric-api-lookup-api-v1 1.6.14+93d8cb8290
	   |-- fabric-biome-api-v1 9.1.0+82db024a90
	   |-- fabric-block-api-v1 1.0.2+e415d50e90
	   |-- fabric-blockrenderlayer-v1 1.1.25+cafc6e8e90
	   |-- fabric-client-tags-api-v1 1.0.5+b35fea8390
	   |-- fabric-command-api-v1 1.2.16+f71b366f90
	   |-- fabric-command-api-v2 2.2.1+413cbbc790
	   |-- fabric-commands-v0 0.2.33+df3654b390
	   |-- fabric-containers-v0 0.1.41+df3654b390
	   |-- fabric-content-registries-v0 3.5.1+7c6cd14d90
	   |-- fabric-convention-tags-v1 1.2.2+27265b3490
	   |-- fabric-crash-report-info-v1 0.2.8+aeb40ebe90
	   |-- fabric-data-generation-api-v1 5.3.7+413cbbc790
	   |-- fabric-dimensions-v1 2.1.35+0d0f210290
	   |-- fabric-entity-events-v1 1.5.4+9244241690
	   |-- fabric-events-interaction-v0 0.4.34+562bff6e90
	   |-- fabric-events-lifecycle-v0 0.2.35+df3654b390
	   |-- fabric-game-rule-api-v1 1.0.24+b6b6abb490
	   |-- fabric-item-api-v1 1.6.5+dce4603e90
	   |-- fabric-item-groups-v0 0.3.38+9244241690
	   |-- fabric-key-binding-api-v1 1.0.25+5c4fce2890
	   |-- fabric-keybindings-v0 0.2.23+df3654b390
	   |-- fabric-lifecycle-events-v1 2.2.4+1b46dc7890
	   |-- fabric-loot-api-v2 1.1.12+83a8659290
	   |-- fabric-loot-tables-v1 1.1.15+9e7660c690
	   |-- fabric-message-api-v1 5.0.7+93d8cb8290
	   |-- fabric-mining-level-api-v1 2.1.23+33fbc73890
	   |-- fabric-models-v0 0.3.21+c6af733c90
	   |-- fabric-networking-api-v1 1.2.11+10eb22f490
	   |-- fabric-networking-v0 0.3.28+df3654b390
	   |-- fabric-object-builder-api-v1 4.2.1+d8ef690890
	   |-- fabric-particles-v1 1.0.14+4d0d570390
	   |-- fabric-recipe-api-v1 1.0.1+413cbbc790
	   |-- fabric-registry-sync-v0 0.9.32+9244241690
	   |-- fabric-renderer-api-v1 1.2.1+1adbf27790
	   |-- fabric-renderer-indigo 0.8.0+1adbf27790
	   |-- fabric-renderer-registries-v1 3.2.24+df3654b390
	   |-- fabric-rendering-data-attachment-v1 0.3.19+6e0787e690
	   |-- fabric-rendering-fluids-v1 3.0.11+4d0d570390
	   |-- fabric-rendering-v0 1.1.27+df3654b390
	   |-- fabric-rendering-v1 1.12.1+d8ef690890
	   |-- fabric-resource-conditions-api-v1 2.1.2+aae9039d90
	   |-- fabric-resource-loader-v0 0.8.3+251d254a90
	   |-- fabric-screen-api-v1 1.0.32+4d0d570390
	   |-- fabric-screen-handler-api-v1 1.3.7+1cc24b1b90
	   |-- fabric-sound-api-v1 1.0.2+c4f28df590
	   |-- fabric-textures-v0 1.0.24+aeb40ebe90
	   |-- fabric-transfer-api-v1 2.1.6+413cbbc790
	   \-- fabric-transitive-access-wideners-v1 1.3.3+08b73de490
	- fabricloader 0.14.17
	- ferritecore 5.0.3
	- java 17
	- krypton 0.2.1
	   \-- com_velocitypowered_velocity-native 3.1.2-SNAPSHOT
	- lazydfu 0.1.3
	- lithium 0.11.1
	- minecraft 1.19.2
	- nochatreports 1.19.2-v1.13.12
	   |-- fabric-rendering-v1 1.11.0+73145abb90
	   \-- fabric-screen-api-v1 1.0.27+93d8cb8290
	- phosphor 0.8.1
	- roughlyenoughitems 9.1.595
	   \-- error_notifier 1.0.9
	- roughlyenoughprofessions 1.1.4
	- skinrestorer 1.2.2
	- vcinteraction 1.19.2-1.0.3
	   \-- polymer 0.2.19+1.19.2
	        |-- packet_tweaker 0.3.0+1.18.2
	        \-- polymer-registry-sync-manipulator 0.0.3+1.19.2
	- voicechat 1.19.2-2.3.28
	   \-- fabric-key-binding-api-v1 1.0.18+9ff28f4095
[13:34:32] [main/INFO]: SpongePowered MIXIN Subsystem Version=0.8.5 Source=file:/D:/Games/Minecraft%20Servers/1.19.2%20Cobblemon/libraries/net/fabricmc/sponge-mixin/0.12.4+mixin.0.8.5/sponge-mixin-0.12.4+mixin.0.8.5.jar Service=Knot/Fabric Env=SERVER
[13:34:32] [main/INFO]: Compatibility level set to JAVA_16
[13:34:32] [main/INFO]: Compatibility level set to JAVA_17
[13:34:33] [main/INFO]: Loaded configuration file for Lithium: 114 options available, 2 override(s) found
[13:34:33] [main/WARN]: Force-disabling mixin 'alloc.blockstate.StateMixin' as rule 'mixin.alloc.blockstate' (added by mods [ferritecore]) disables it and children
[13:34:33] [main/WARN]: Force-disabling mixin 'world.player_chunk_tick.ThreadedAnvilChunkStorageMixin' as rule 'mixin.world.player_chunk_tick' (added by mods [krypton]) disables it and children
[13:34:35] [main/INFO]: Mixing server.MixinPlayer from nochatreports.mixins.json into net.minecraft.class_1657
[13:34:37] [main/INFO]: Building unoptimized datafixer
[13:34:38] [main/INFO]: Booting LaxPermissionValidator, permissions will be checked using Minecrafts permission level system, see https://minecraft.fandom.com/wiki/Permission_level
[13:34:39] [main/INFO]: Starting the Best Spawner...
[13:34:39] [main/INFO]: Loaded 5 spawning condition types.
[13:34:39] [main/INFO]: Loaded 5 spawning context types.
[13:34:39] [main/INFO]: Loaded 1 spawn detail types.
[13:34:39] [main/ERROR]: No data fixer registered for cobblemon:pokemon
[13:34:39] [main/ERROR]: No data fixer registered for cobblemon:empty_pokeball
[13:34:39] [main/INFO]: All registries loaded.
[13:34:39] [main/INFO]: Note: Cobblemon data registries are only loaded once per server instance as Pokémon species are not safe to reload.
[13:34:39] [main/INFO]: Registered the cobblemon:moves registry
[13:34:39] [main/INFO]: Registered the cobblemon:abilities registry
[13:34:39] [main/INFO]: Registered the cobblemon:species registry
[13:34:39] [main/INFO]: Registered the cobblemon:pokeballs registry
[13:34:39] [main/INFO]: Registered the cobblemon:species_features registry
[13:34:39] [main/INFO]: Registered the cobblemon:global_species_features registry
[13:34:39] [main/INFO]: Registered the cobblemon:properties_tab_completion registry
[13:34:39] [main/INFO]: Registered the cobblemon:species_feature_assignments registry
[13:34:39] [main/INFO]: Registered the cobblemon:spawn_detail_presets registry
[13:34:39] [main/INFO]: Registered the cobblemon:spawn_pool_world registry
[13:34:39] [main/INFO]: Mixing server.MixinServerGamePacketListenerImpl from nochatreports.mixins.json into net.minecraft.class_3244
[13:34:39] [main/INFO]: Booting FabricPermissionValidator, permissions will be checked using fabric-permissions-api, see https://github.com/lucko/fabric-permissions-api
[13:34:39] [main/INFO]: Compression will use Java, encryption will use Java
[13:34:39] [main/INFO]: KONNICHIWA ZA WARUDO!
[13:34:39] [main/INFO]: Default JVM text encoding is: windows-1252
[13:34:39] [main/INFO]: Reading config file NoChatReports/NCR-Common.json...
[13:34:39] [main/INFO]: Writing config file NoChatReports/NCR-Common.json...
[13:34:39] [main/INFO]: Registering C2S receiver with id roughlyenoughitems:request_tags_c2s
[13:34:39] [main/INFO]: [REI] Registered plugin provider DefaultPlugin [roughlyenoughitems] for REIPlugin
[13:34:39] [main/INFO]: [REI] Registered plugin provider DefaultRuntimePlugin [roughlyenoughitems] for REIPlugin
[13:34:39] [main/INFO]: [REI] Registered plugin provider DefaultPlugin [roughlyenoughitems] for REIServerPlugin
[13:34:39] [main/INFO]: [REI] Registered plugin provider DefaultRuntimePlugin [roughlyenoughitems] for REIServerPlugin
[13:34:39] [main/INFO]: [REI] Registered plugin provider FabricFluidAPISupportPlugin for REIServerPlugin
[13:34:39] [main/INFO]: [REI] Registered plugin provider FabricFluidAPISupportPlugin for REIPlugin
[13:34:39] [main/INFO]: Registering C2S receiver with id roughlyenoughitems:delete_item
[13:34:39] [main/INFO]: Registering C2S receiver with id roughlyenoughitems:create_item
[13:34:39] [main/INFO]: Registering C2S receiver with id roughlyenoughitems:create_item_grab
[13:34:39] [main/INFO]: Registering C2S receiver with id roughlyenoughitems:create_item_hotbar
[13:34:39] [main/INFO]: Registering C2S receiver with id roughlyenoughitems:move_items
[13:34:39] [main/INFO]: Compatibility version 15
[13:34:39] [main/INFO]: Loading plugins
[13:34:39] [main/INFO]: Loaded 1 plugin(s)
[13:34:39] [main/INFO]: Initializing plugins
[13:34:39] [main/INFO]: Initialized 1 plugin(s)
[13:34:39] [main/INFO]: Registering events for vcinteraction
[13:34:39] [main/INFO]: Krypton is now accelerating your Minecraft server's networking stack ?
[13:34:39] [main/INFO]: Environment: authHost='https://authserver.mojang.com', accountsHost='https://api.mojang.com', sessionHost='https://sessionserver.mojang.com', servicesHost='https://api.minecraftservices.com', name='PROD'
[13:34:41] [main/INFO]: Loaded 7 recipes
[13:34:41] [main/INFO]: Loaded 1284 advancements
[13:34:41] [main/INFO]: Loaded 859 moves
[13:34:41] [main/INFO]: Loaded 267 abilities
[13:34:41] [main/ERROR]: Unable to load entry from learnset: "tutor:powershift"
[13:34:41] [Cobblemon Showdown/INFO]: Showdown has been started!
[13:34:41] [main/ERROR]: Unable to load entry from learnset: "tutor:powershift"
[13:34:41] [main/ERROR]: Unable to load entry from learnset: "tutor:powershift"
[13:34:41] [main/INFO]: Creating showdown data for species
[13:34:41] [main/INFO]: Finished creating showdown data for species
[13:34:41] [main/INFO]: Loaded 905 Pokémon species
[13:34:41] [main/INFO]: Starting dummy Showdown battle to force it to pre-load data.
[13:34:44] [main/INFO]: Loaded 8 spawn detail presets.
[13:34:44] [main/INFO]: [REI] ~~~~~~~~~~~~~~~~~~~~~~~~~~~~~~~~~~~~~~~~
[13:34:44] [main/INFO]: [REI] REIPlugin starting main-reload for START.
[13:34:44] [main/INFO]: [REI] Plugins (3):
[13:34:44] [main/INFO]: [REI]  - (-100.00) DefaultPlugin of DefaultPlugin [roughlyenoughitems]
[13:34:44] [main/INFO]: [REI]  - (0.00) FabricFluidAPISupportPlugin
[13:34:44] [main/INFO]: [REI]  - (0.00) DefaultRuntimePlugin of DefaultRuntimePlugin [roughlyenoughitems]
[13:34:44] [main/INFO]: [REI] ~~~~~~~~~~~~~~~~~~~~~~~~~~~~~~~~~~~~~~~~
[13:34:44] [main/INFO]: [REI] ========================================
[13:34:44] [main/INFO]: [REI] REIServerPlugin starting main-reload for START.
[13:34:44] [main/INFO]: [REI] Plugins (3):
[13:34:44] [main/INFO]: [REI]  - (-100.00) DefaultPlugin of DefaultPlugin [roughlyenoughitems]
[13:34:44] [main/INFO]: [REI]  - (0.00) FabricFluidAPISupportPlugin
[13:34:44] [main/INFO]: [REI]  - (0.00) DefaultRuntimePlugin of DefaultRuntimePlugin [roughlyenoughitems]
[13:34:44] [main/INFO]: [REI] ========================================
[13:34:44] [main/INFO]: [REI] REIPlugin finished post-reload for START in 750.8 ?s, totaling 34.81 ms.
[13:34:44] [main/INFO]: [REI] REIServerPlugin finished post-reload for START in 287.2 ?s, totaling 2.785 ms.
[13:34:44] [main/INFO]: [REI] OOOOOOOOOOOOOOOOOOOOOOOOOOOOOOOOOOOOOOOO
[13:34:44] [main/INFO]: [REI] REIPlugin starting main-reload for END.
[13:34:44] [main/INFO]: [REI] Plugins (3):
[13:34:44] [main/INFO]: [REI]  - (-100.00) DefaultPlugin of DefaultPlugin [roughlyenoughitems]
[13:34:44] [main/INFO]: [REI]  - (0.00) FabricFluidAPISupportPlugin
[13:34:44] [main/INFO]: [REI]  - (0.00) DefaultRuntimePlugin of DefaultRuntimePlugin [roughlyenoughitems]
[13:34:44] [main/INFO]: [REI] OOOOOOOOOOOOOOOOOOOOOOOOOOOOOOOOOOOOOOOO
[13:34:44] [main/INFO]: [REI] ########################################
[13:34:44] [main/INFO]: [REI] REIServerPlugin starting main-reload for END.
[13:34:44] [main/INFO]: [REI] Plugins (3):
[13:34:44] [main/INFO]: [REI]  - (-100.00) DefaultPlugin of DefaultPlugin [roughlyenoughitems]
[13:34:44] [main/INFO]: [REI]  - (0.00) FabricFluidAPISupportPlugin
[13:34:44] [main/INFO]: [REI]  - (0.00) DefaultRuntimePlugin of DefaultRuntimePlugin [roughlyenoughitems]
[13:34:44] [main/INFO]: [REI] ########################################
[13:34:44] [main/INFO]: [REI] REIPlugin finished post-reload for END in 318.3 ?s, totaling 27.55 ms.
[13:34:44] [main/INFO]: [REI] REIServerPlugin finished post-reload for END in 173.2 ?s, totaling 8.498 ms.
[13:34:44] [main/INFO]: Mixing server.MixinDedicatedServer from nochatreports.mixins.json into net.minecraft.class_3176
[13:34:44] [main/INFO]: Mixing server.MixinPlayerList from nochatreports.mixins.json into net.minecraft.class_3324
[13:34:44] [main/INFO]: Mixing common.MixinServerStatus from nochatreports.mixins.json into net.minecraft.class_2926
[13:34:44] [main/INFO]: Applied 252 biome modifications to 63 of 63 new biomes in 24.38 ms
[13:34:45] [Server thread/INFO]: Starting minecraft server version 1.19.2
[13:34:45] [Server thread/INFO]: Loading properties
[13:34:45] [Server thread/INFO]: Default game type: SURVIVAL
[13:34:45] [Server thread/INFO]: Generating keypair
[13:34:45] [Server console handler/ERROR]: Exception handling console input
java.io.IOException: Controlador no válido
	at java.io.FileInputStream.readBytes(Native Method) ~[?:?]
	at java.io.FileInputStream.read(FileInputStream.java:276) ~[?:?]
	at java.io.BufferedInputStream.read1(BufferedInputStream.java:282) ~[?:?]
	at java.io.BufferedInputStream.read(BufferedInputStream.java:343) ~[?:?]
	at sun.nio.cs.StreamDecoder.readBytes(StreamDecoder.java:270) ~[?:?]
	at sun.nio.cs.StreamDecoder.implRead(StreamDecoder.java:313) ~[?:?]
	at sun.nio.cs.StreamDecoder.read(StreamDecoder.java:188) ~[?:?]
	at java.io.InputStreamReader.read(InputStreamReader.java:177) ~[?:?]
	at java.io.BufferedReader.fill(BufferedReader.java:162) ~[?:?]
	at java.io.BufferedReader.readLine(BufferedReader.java:329) ~[?:?]
	at java.io.BufferedReader.readLine(BufferedReader.java:396) ~[?:?]
	at net.minecraft.class_3176$1.run(class_3176.java:92) [server-intermediary.jar:?]
[13:34:45] [Server thread/INFO]: Starting Minecraft server on *:25566
[13:34:45] [Server thread/INFO]: Using default channel type
[13:34:45] [Server thread/WARN]: **** SERVER IS RUNNING IN OFFLINE/INSECURE MODE!
[13:34:45] [Server thread/WARN]: The server will make no attempt to authenticate usernames. Beware.
[13:34:45] [Server thread/WARN]: While this makes the game possible to play without internet access, it also opens up the ability for hackers to connect with any username they choose.
[13:34:45] [Server thread/WARN]: To change this, set "online-mode" to "true" in the server.properties file.
[13:34:45] [Server thread/INFO]: Preparing level "world"
[13:34:45] [Server thread/INFO]: Preparing start region for dimension minecraft:overworld
[13:34:48] [Worker-Main-4/INFO]: Preparing spawn area: 0%
[13:34:48] [Worker-Main-2/INFO]: Preparing spawn area: 0%
[13:34:48] [Worker-Main-10/INFO]: Preparing spawn area: 0%
[13:34:48] [Worker-Main-3/INFO]: Preparing spawn area: 0%
[13:34:48] [Worker-Main-2/INFO]: Preparing spawn area: 0%
[13:34:48] [Worker-Main-2/INFO]: Preparing spawn area: 0%
[13:34:48] [Worker-Main-4/INFO]: Preparing spawn area: 0%
[13:34:49] [Worker-Main-5/INFO]: Preparing spawn area: 65%
[13:34:49] [Server thread/INFO]: Time elapsed: 3726 ms
[13:34:49] [Server thread/INFO]: Done (4.244s)! For help, type "help"
[13:34:49] [Server thread/WARN]: Running in offline mode - Voice chat encryption is not secure!
[13:34:49] [VoiceChatServerThread/INFO]: Server started at port 24454
[13:36:09] [Netty Server IO #1/INFO]: Mixing server.MixinServerboundChatPacket from nochatreports.mixins.json into net.minecraft.class_2797
[13:36:09] [Netty Server IO #1/INFO]: Mixing common.MixinServerStatusSerializer from nochatreports.mixins.json into net.minecraft.class_2926$class_2929
[13:36:29] [Server thread/INFO]: Kawtious[/127.0.0.1:23905] logged in with entity id 110 at (1153.0857110673946, 65.0, 635.5611360777854)
[13:36:29] [Server thread/INFO]: Using Fabric Permissions API
[13:36:29] [Server thread/INFO]: Kawtious joined the game
[14:21:31] [Server thread/INFO]: Kawtious lost connection: Disconnected
[14:21:31] [Server thread/INFO]: Kawtious left the game
[14:21:31] [Server thread/INFO]: Disconnecting client Kawtious
[14:54:24] [Server thread/INFO]: Stopping the server
[14:54:25] [Server thread/INFO]: Stopping server
[14:54:25] [Server thread/INFO]: Saving players
[14:54:25] [Server thread/INFO]: Saving worlds
[14:54:25] [Server thread/INFO]: Saving chunks for level 'ServerLevel[New World]'/minecraft:overworld
[14:54:25] [Server thread/INFO]: Saving chunks for level 'ServerLevel[New World]'/minecraft:the_end
[14:54:25] [Server thread/INFO]: Saving chunks for level 'ServerLevel[New World]'/minecraft:the_nether
[14:54:25] [Server thread/INFO]: ThreadedAnvilChunkStorage (world): All chunks are saved
[14:54:25] [Server thread/INFO]: ThreadedAnvilChunkStorage (DIM1): All chunks are saved
[14:54:25] [Server thread/INFO]: ThreadedAnvilChunkStorage (DIM-1): All chunks are saved
[14:54:25] [Server thread/INFO]: ThreadedAnvilChunkStorage: All dimensions are saved
